# JRE version: Java(TM) SE Runtime Environment (19.0.1+10) (build 19.0.1+10-21)
# Java VM: Java HotSpot(TM) 64-Bit Server VM (19.0.1+10-21, mixed mode, sharing, tiered, compressed oops, compressed class ptrs, g1 gc, windows-amd64)
GC Precious Log:
 CardTable entry size: 512
 Card Set container configuration: InlinePtr #cards 5 size 8 Array Of Cards #cards 12 size 40 Howl #buckets 4 coarsen threshold 1843 Howl Bitmap #cards 512 size 80 coarsen threshold 460 Card regions per heap region 1 cards per card region 2048
 CPUs: 12 total, 12 available
 Memory: 7863M
 Large Page Support: Disabled
 NUMA Support: Disabled
 Compressed Oops: Enabled (32-bit)
 Heap Region Size: 1M
 Heap Min Capacity: 256M
 Heap Initial Capacity: 256M
 Heap Max Capacity: 512M
 Pre-touch: Disabled
 Parallel Workers: 10
 Concurrent Workers: 3
 Concurrent Refinement Workers: 10
 Periodic GC: Disabled
Heap:
 garbage-first heap   total 262144K, used 98822K [0x00000000e0000000, 0x0000000100000000)
  region size 1024K, 35 young (35840K), 2 survivors (2048K)
 Metaspace       used 39459K, committed 40704K, reserved 380928K
  class space    used 5440K, committed 6080K, reserved 315392K
GC Heap History (12 events):
Event: 1.608 GC heap before
{Heap before GC invocations=0 (full 0):
 garbage-first heap   total 262144K, used 26624K [0x00000000e0000000, 0x0000000100000000)
  region size 1024K, 23 young (23552K), 0 survivors (0K)
 Metaspace       used 3172K, committed 3328K, reserved 380928K
  class space    used 390K, committed 448K, reserved 315392K
}
Event: 1.621 GC heap after
{Heap after GC invocations=1 (full 0):
 garbage-first heap   total 262144K, used 10379K [0x00000000e0000000, 0x0000000100000000)
  region size 1024K, 3 young (3072K), 3 survivors (3072K)
 Metaspace       used 3172K, committed 3328K, reserved 380928K
  class space    used 390K, committed 448K, reserved 315392K
}
Event: 4.578 GC heap before
{Heap before GC invocations=1 (full 0):
 garbage-first heap   total 262144K, used 40075K [0x00000000e0000000, 0x0000000100000000)
  region size 1024K, 32 young (32768K), 3 survivors (3072K)
 Metaspace       used 4123K, committed 4288K, reserved 380928K
  class space    used 484K, committed 576K, reserved 315392K
}
Event: 4.585 GC heap after
{Heap after GC invocations=2 (full 0):
 garbage-first heap   total 262144K, used 14018K [0x00000000e0000000, 0x0000000100000000)
  region size 1024K, 4 young (4096K), 4 survivors (4096K)
 Metaspace       used 4123K, committed 4288K, reserved 380928K
  class space    used 484K, committed 576K, reserved 315392K
}
Event: 17.581 GC heap before
{Heap before GC invocations=2 (full 0):
 garbage-first heap   total 262144K, used 113346K [0x00000000e0000000, 0x0000000100000000)
  region size 1024K, 102 young (104448K), 4 survivors (4096K)
 Metaspace       used 20841K, committed 21504K, reserved 380928K
  class space    used 2983K, committed 3328K, reserved 315392K
}
Event: 17.609 GC heap after
{Heap after GC invocations=3 (full 0):
 garbage-first heap   total 262144K, used 22524K [0x00000000e0000000, 0x0000000100000000)
  region size 1024K, 12 young (12288K), 12 survivors (12288K)
 Metaspace       used 20841K, committed 21504K, reserved 380928K
  class space    used 2983K, committed 3328K, reserved 315392K
}
Event: 25.904 GC heap before
{Heap before GC invocations=4 (full 0):
 garbage-first heap   total 262144K, used 158716K [0x00000000e0000000, 0x0000000100000000)
  region size 1024K, 118 young (120832K), 12 survivors (12288K)
 Metaspace       used 35088K, committed 36224K, reserved 380928K
  class space    used 4919K, committed 5504K, reserved 315392K
}
Event: 25.929 GC heap after
{Heap after GC invocations=5 (full 0):
 garbage-first heap   total 262144K, used 61719K [0x00000000e0000000, 0x0000000100000000)
  region size 1024K, 11 young (11264K), 11 survivors (11264K)
 Metaspace       used 35088K, committed 36224K, reserved 380928K
  class space    used 4919K, committed 5504K, reserved 315392K
}
Event: 25.936 GC heap before
{Heap before GC invocations=5 (full 0):
 garbage-first heap   total 262144K, used 62743K [0x00000000e0000000, 0x0000000100000000)
  region size 1024K, 12 young (12288K), 11 survivors (11264K)
 Metaspace       used 35092K, committed 36224K, reserved 380928K
  class space    used 4919K, committed 5504K, reserved 315392K
}
Event: 25.945 GC heap after
{Heap after GC invocations=6 (full 0):
 garbage-first heap   total 262144K, used 61813K [0x00000000e0000000, 0x0000000100000000)
  region size 1024K, 2 young (2048K), 2 survivors (2048K)
 Metaspace       used 35092K, committed 36224K, reserved 380928K
  class space    used 4919K, committed 5504K, reserved 315392K
}
Event: 26.067 GC heap before
{Heap before GC invocations=6 (full 0):
 garbage-first heap   total 262144K, used 68981K [0x00000000e0000000, 0x0000000100000000)
  region size 1024K, 10 young (10240K), 2 survivors (2048K)
 Metaspace       used 35178K, committed 36288K, reserved 380928K
  class space    used 4923K, committed 5504K, reserved 315392K
}
Event: 26.069 GC heap after
{Heap after GC invocations=7 (full 0):
 garbage-first heap   total 262144K, used 61958K [0x00000000e0000000, 0x0000000100000000)
  region size 1024K, 2 young (2048K), 2 survivors (2048K)
 Metaspace       used 35178K, committed 36288K, reserved 380928K
  class space    used 4923K, committed 5504K, reserved 315392K
}

